  Building Custom Rule C:/Users/Admin/Desktop/UnchartedBlockout/build/_deps/openmesh-src/src/OpenMesh/Core/CMakeLists.txt
  BinaryHelper.cc
  IOManager.cc
  OMFormat.cc
  BaseReader.cc
  OBJReader.cc
  OFFReader.cc
  OMReader.cc
  PLYReader.cc
  STLReader.cc
  BaseWriter.cc
  OBJWriter.cc
  OFFWriter.cc
  OMWriter.cc
  PLYWriter.cc
  STLWriter.cc
  VTKWriter.cc
  ArrayKernel.cc
  BaseKernel.cc
  PolyConnectivity.cc
  TriConnectivity.cc
  Generating Code...
  Compiling...
  omstream.cc
  BaseProperty.cc
  Endian.cc
  PropertyCreator.cc
  RandomNumberGenerator.cc
  Generating Code...
  OpenMeshCore.vcxproj -> C:\Users\Admin\Desktop\UnchartedBlockout\build\lib\Debug\OpenMeshCored.lib
